<?xml version="1.0" encoding="UTF-8"?>
<testsuite xmlns:xsi="http://www.w3.org/2001/XMLSchema-instance" xsi:noNamespaceSchemaLocation="https://maven.apache.org/surefire/maven-surefire-plugin/xsd/surefire-test-report.xsd" name="com.github.LendingApplication.LenderService.LenderServiceApplicationTests" time="3.627" tests="1" errors="0" skipped="0" failures="0">
  <properties>
    <property name="java.specification.version" value="16"/>
    <property name="sun.jnu.encoding" value="UTF-8"/>
    <property name="java.class.path" value="/Users/christopherjose/Desktop/javaBootcamp/p2-LendingApplication/target/test-classes:/Users/christopherjose/Desktop/javaBootcamp/p2-LendingApplication/target/classes:/Users/christopherjose/.m2/repository/org/springframework/boot/spring-boot-starter-data-cassandra-reactive/2.5.4/spring-boot-starter-data-cassandra-reactive-2.5.4.jar:/Users/christopherjose/.m2/repository/org/springframework/boot/spring-boot-starter/2.5.4/spring-boot-starter-2.5.4.jar:/Users/christopherjose/.m2/repository/org/springframework/boot/spring-boot/2.5.4/spring-boot-2.5.4.jar:/Users/christopherjose/.m2/repository/org/springframework/boot/spring-boot-autoconfigure/2.5.4/spring-boot-autoconfigure-2.5.4.jar:/Users/christopherjose/.m2/repository/org/springframework/boot/spring-boot-starter-logging/2.5.4/spring-boot-starter-logging-2.5.4.jar:/Users/christopherjose/.m2/repository/ch/qos/logback/logback-classic/1.2.5/logback-classic-1.2.5.jar:/Users/christopherjose/.m2/repository/ch/qos/logback/logback-core/1.2.5/logback-core-1.2.5.jar:/Users/christopherjose/.m2/repository/org/apache/logging/log4j/log4j-to-slf4j/2.14.1/log4j-to-slf4j-2.14.1.jar:/Users/christopherjose/.m2/repository/org/apache/logging/log4j/log4j-api/2.14.1/log4j-api-2.14.1.jar:/Users/christopherjose/.m2/repository/org/slf4j/jul-to-slf4j/1.7.32/jul-to-slf4j-1.7.32.jar:/Users/christopherjose/.m2/repository/jakarta/annotation/jakarta.annotation-api/1.3.5/jakarta.annotation-api-1.3.5.jar:/Users/christopherjose/.m2/repository/org/yaml/snakeyaml/1.28/snakeyaml-1.28.jar:/Users/christopherjose/.m2/repository/org/springframework/spring-tx/5.3.9/spring-tx-5.3.9.jar:/Users/christopherjose/.m2/repository/org/springframework/spring-beans/5.3.9/spring-beans-5.3.9.jar:/Users/christopherjose/.m2/repository/org/springframework/data/spring-data-cassandra/3.2.4/spring-data-cassandra-3.2.4.jar:/Users/christopherjose/.m2/repository/org/springframework/spring-context/5.3.9/spring-context-5.3.9.jar:/Users/christopherjose/.m2/repository/org/springframework/spring-aop/5.3.9/spring-aop-5.3.9.jar:/Users/christopherjose/.m2/repository/org/springframework/spring-expression/5.3.9/spring-expression-5.3.9.jar:/Users/christopherjose/.m2/repository/org/springframework/data/spring-data-commons/2.5.4/spring-data-commons-2.5.4.jar:/Users/christopherjose/.m2/repository/com/datastax/oss/java-driver-core/4.11.3/java-driver-core-4.11.3.jar:/Users/christopherjose/.m2/repository/com/datastax/oss/native-protocol/1.5.0/native-protocol-1.5.0.jar:/Users/christopherjose/.m2/repository/io/netty/netty-handler/4.1.67.Final/netty-handler-4.1.67.Final.jar:/Users/christopherjose/.m2/repository/io/netty/netty-common/4.1.67.Final/netty-common-4.1.67.Final.jar:/Users/christopherjose/.m2/repository/io/netty/netty-resolver/4.1.67.Final/netty-resolver-4.1.67.Final.jar:/Users/christopherjose/.m2/repository/io/netty/netty-buffer/4.1.67.Final/netty-buffer-4.1.67.Final.jar:/Users/christopherjose/.m2/repository/io/netty/netty-transport/4.1.67.Final/netty-transport-4.1.67.Final.jar:/Users/christopherjose/.m2/repository/io/netty/netty-codec/4.1.67.Final/netty-codec-4.1.67.Final.jar:/Users/christopherjose/.m2/repository/com/datastax/oss/java-driver-shaded-guava/25.1-jre-graal-sub-1/java-driver-shaded-guava-25.1-jre-graal-sub-1.jar:/Users/christopherjose/.m2/repository/com/typesafe/config/1.4.1/config-1.4.1.jar:/Users/christopherjose/.m2/repository/com/github/jnr/jnr-posix/3.1.5/jnr-posix-3.1.5.jar:/Users/christopherjose/.m2/repository/com/github/jnr/jnr-ffi/2.2.2/jnr-ffi-2.2.2.jar:/Users/christopherjose/.m2/repository/com/github/jnr/jffi/1.3.1/jffi-1.3.1.jar:/Users/christopherjose/.m2/repository/com/github/jnr/jffi/1.3.1/jffi-1.3.1-native.jar:/Users/christopherjose/.m2/repository/org/ow2/asm/asm-commons/9.1/asm-commons-9.1.jar:/Users/christopherjose/.m2/repository/org/ow2/asm/asm-analysis/9.1/asm-analysis-9.1.jar:/Users/christopherjose/.m2/repository/org/ow2/asm/asm-tree/9.1/asm-tree-9.1.jar:/Users/christopherjose/.m2/repository/org/ow2/asm/asm-util/9.1/asm-util-9.1.jar:/Users/christopherjose/.m2/repository/com/github/jnr/jnr-a64asm/1.0.0/jnr-a64asm-1.0.0.jar:/Users/christopherjose/.m2/repository/com/github/jnr/jnr-x86asm/1.0.2/jnr-x86asm-1.0.2.jar:/Users/christopherjose/.m2/repository/com/github/jnr/jnr-constants/0.10.1/jnr-constants-0.10.1.jar:/Users/christopherjose/.m2/repository/io/dropwizard/metrics/metrics-core/4.1.25/metrics-core-4.1.25.jar:/Users/christopherjose/.m2/repository/org/hdrhistogram/HdrHistogram/2.1.12/HdrHistogram-2.1.12.jar:/Users/christopherjose/.m2/repository/com/esri/geometry/esri-geometry-api/1.2.1/esri-geometry-api-1.2.1.jar:/Users/christopherjose/.m2/repository/org/json/json/20090211/json-20090211.jar:/Users/christopherjose/.m2/repository/org/codehaus/jackson/jackson-core-asl/1.9.12/jackson-core-asl-1.9.12.jar:/Users/christopherjose/.m2/repository/com/fasterxml/jackson/core/jackson-core/2.12.4/jackson-core-2.12.4.jar:/Users/christopherjose/.m2/repository/com/github/stephenc/jcip/jcip-annotations/1.0-1/jcip-annotations-1.0-1.jar:/Users/christopherjose/.m2/repository/com/github/spotbugs/spotbugs-annotations/3.1.12/spotbugs-annotations-3.1.12.jar:/Users/christopherjose/.m2/repository/com/google/code/findbugs/jsr305/3.0.2/jsr305-3.0.2.jar:/Users/christopherjose/.m2/repository/com/datastax/oss/java-driver-query-builder/4.11.3/java-driver-query-builder-4.11.3.jar:/Users/christopherjose/.m2/repository/org/slf4j/slf4j-api/1.7.32/slf4j-api-1.7.32.jar:/Users/christopherjose/.m2/repository/io/projectreactor/reactor-core/3.4.9/reactor-core-3.4.9.jar:/Users/christopherjose/.m2/repository/org/reactivestreams/reactive-streams/1.0.3/reactive-streams-1.0.3.jar:/Users/christopherjose/.m2/repository/org/springframework/boot/spring-boot-starter-webflux/2.5.4/spring-boot-starter-webflux-2.5.4.jar:/Users/christopherjose/.m2/repository/org/springframework/boot/spring-boot-starter-json/2.5.4/spring-boot-starter-json-2.5.4.jar:/Users/christopherjose/.m2/repository/com/fasterxml/jackson/core/jackson-databind/2.12.4/jackson-databind-2.12.4.jar:/Users/christopherjose/.m2/repository/com/fasterxml/jackson/core/jackson-annotations/2.12.4/jackson-annotations-2.12.4.jar:/Users/christopherjose/.m2/repository/com/fasterxml/jackson/datatype/jackson-datatype-jdk8/2.12.4/jackson-datatype-jdk8-2.12.4.jar:/Users/christopherjose/.m2/repository/com/fasterxml/jackson/datatype/jackson-datatype-jsr310/2.12.4/jackson-datatype-jsr310-2.12.4.jar:/Users/christopherjose/.m2/repository/com/fasterxml/jackson/module/jackson-module-parameter-names/2.12.4/jackson-module-parameter-names-2.12.4.jar:/Users/christopherjose/.m2/repository/org/springframework/boot/spring-boot-starter-reactor-netty/2.5.4/spring-boot-starter-reactor-netty-2.5.4.jar:/Users/christopherjose/.m2/repository/io/projectreactor/netty/reactor-netty-http/1.0.10/reactor-netty-http-1.0.10.jar:/Users/christopherjose/.m2/repository/io/netty/netty-codec-http/4.1.67.Final/netty-codec-http-4.1.67.Final.jar:/Users/christopherjose/.m2/repository/io/netty/netty-codec-http2/4.1.67.Final/netty-codec-http2-4.1.67.Final.jar:/Users/christopherjose/.m2/repository/io/netty/netty-resolver-dns/4.1.67.Final/netty-resolver-dns-4.1.67.Final.jar:/Users/christopherjose/.m2/repository/io/netty/netty-codec-dns/4.1.67.Final/netty-codec-dns-4.1.67.Final.jar:/Users/christopherjose/.m2/repository/io/netty/netty-resolver-dns-native-macos/4.1.67.Final/netty-resolver-dns-native-macos-4.1.67.Final-osx-x86_64.jar:/Users/christopherjose/.m2/repository/io/netty/netty-transport-native-unix-common/4.1.67.Final/netty-transport-native-unix-common-4.1.67.Final.jar:/Users/christopherjose/.m2/repository/io/netty/netty-transport-native-epoll/4.1.67.Final/netty-transport-native-epoll-4.1.67.Final-linux-x86_64.jar:/Users/christopherjose/.m2/repository/io/projectreactor/netty/reactor-netty-core/1.0.10/reactor-netty-core-1.0.10.jar:/Users/christopherjose/.m2/repository/io/netty/netty-handler-proxy/4.1.67.Final/netty-handler-proxy-4.1.67.Final.jar:/Users/christopherjose/.m2/repository/io/netty/netty-codec-socks/4.1.67.Final/netty-codec-socks-4.1.67.Final.jar:/Users/christopherjose/.m2/repository/org/springframework/spring-web/5.3.9/spring-web-5.3.9.jar:/Users/christopherjose/.m2/repository/org/springframework/spring-webflux/5.3.9/spring-webflux-5.3.9.jar:/Users/christopherjose/.m2/repository/org/springframework/boot/spring-boot-starter-test/2.5.4/spring-boot-starter-test-2.5.4.jar:/Users/christopherjose/.m2/repository/org/springframework/boot/spring-boot-test/2.5.4/spring-boot-test-2.5.4.jar:/Users/christopherjose/.m2/repository/org/springframework/boot/spring-boot-test-autoconfigure/2.5.4/spring-boot-test-autoconfigure-2.5.4.jar:/Users/christopherjose/.m2/repository/com/jayway/jsonpath/json-path/2.5.0/json-path-2.5.0.jar:/Users/christopherjose/.m2/repository/net/minidev/json-smart/2.4.7/json-smart-2.4.7.jar:/Users/christopherjose/.m2/repository/net/minidev/accessors-smart/2.4.7/accessors-smart-2.4.7.jar:/Users/christopherjose/.m2/repository/org/ow2/asm/asm/9.1/asm-9.1.jar:/Users/christopherjose/.m2/repository/jakarta/xml/bind/jakarta.xml.bind-api/2.3.3/jakarta.xml.bind-api-2.3.3.jar:/Users/christopherjose/.m2/repository/jakarta/activation/jakarta.activation-api/1.2.2/jakarta.activation-api-1.2.2.jar:/Users/christopherjose/.m2/repository/org/assertj/assertj-core/3.19.0/assertj-core-3.19.0.jar:/Users/christopherjose/.m2/repository/org/hamcrest/hamcrest/2.2/hamcrest-2.2.jar:/Users/christopherjose/.m2/repository/org/junit/jupiter/junit-jupiter/5.7.2/junit-jupiter-5.7.2.jar:/Users/christopherjose/.m2/repository/org/junit/jupiter/junit-jupiter-api/5.7.2/junit-jupiter-api-5.7.2.jar:/Users/christopherjose/.m2/repository/org/apiguardian/apiguardian-api/1.1.0/apiguardian-api-1.1.0.jar:/Users/christopherjose/.m2/repository/org/opentest4j/opentest4j/1.2.0/opentest4j-1.2.0.jar:/Users/christopherjose/.m2/repository/org/junit/platform/junit-platform-commons/1.7.2/junit-platform-commons-1.7.2.jar:/Users/christopherjose/.m2/repository/org/junit/jupiter/junit-jupiter-params/5.7.2/junit-jupiter-params-5.7.2.jar:/Users/christopherjose/.m2/repository/org/junit/jupiter/junit-jupiter-engine/5.7.2/junit-jupiter-engine-5.7.2.jar:/Users/christopherjose/.m2/repository/org/junit/platform/junit-platform-engine/1.7.2/junit-platform-engine-1.7.2.jar:/Users/christopherjose/.m2/repository/org/mockito/mockito-core/3.9.0/mockito-core-3.9.0.jar:/Users/christopherjose/.m2/repository/net/bytebuddy/byte-buddy/1.10.22/byte-buddy-1.10.22.jar:/Users/christopherjose/.m2/repository/net/bytebuddy/byte-buddy-agent/1.10.22/byte-buddy-agent-1.10.22.jar:/Users/christopherjose/.m2/repository/org/objenesis/objenesis/3.2/objenesis-3.2.jar:/Users/christopherjose/.m2/repository/org/mockito/mockito-junit-jupiter/3.9.0/mockito-junit-jupiter-3.9.0.jar:/Users/christopherjose/.m2/repository/org/skyscreamer/jsonassert/1.5.0/jsonassert-1.5.0.jar:/Users/christopherjose/.m2/repository/com/vaadin/external/google/android-json/0.0.20131108.vaadin1/android-json-0.0.20131108.vaadin1.jar:/Users/christopherjose/.m2/repository/org/springframework/spring-core/5.3.9/spring-core-5.3.9.jar:/Users/christopherjose/.m2/repository/org/springframework/spring-jcl/5.3.9/spring-jcl-5.3.9.jar:/Users/christopherjose/.m2/repository/org/springframework/spring-test/5.3.9/spring-test-5.3.9.jar:/Users/christopherjose/.m2/repository/org/xmlunit/xmlunit-core/2.8.2/xmlunit-core-2.8.2.jar:/Users/christopherjose/.m2/repository/io/projectreactor/reactor-test/3.4.9/reactor-test-3.4.9.jar:"/>
    <property name="java.vm.vendor" value="Oracle Corporation"/>
    <property name="sun.arch.data.model" value="64"/>
    <property name="java.vendor.url" value="https://java.oracle.com/"/>
    <property name="os.name" value="Mac OS X"/>
    <property name="java.vm.specification.version" value="16"/>
    <property name="sun.java.launcher" value="SUN_STANDARD"/>
    <property name="user.country" value="US"/>
    <property name="sun.boot.library.path" value="/Library/Java/JavaVirtualMachines/jdk-16.0.1.jdk/Contents/Home/lib"/>
    <property name="sun.java.command" value="/Users/christopherjose/Desktop/javaBootcamp/p2-LendingApplication/target/surefire/surefirebooter16214836589655668934.jar /Users/christopherjose/Desktop/javaBootcamp/p2-LendingApplication/target/surefire 2021-08-25T13-55-17_489-jvmRun1 surefire8671340829768661361tmp surefire_01130745179202085461tmp"/>
    <property name="http.nonProxyHosts" value="local|*.local|169.254/16|*.169.254/16"/>
    <property name="jdk.debug" value="release"/>
    <property name="surefire.test.class.path" value="/Users/christopherjose/Desktop/javaBootcamp/p2-LendingApplication/target/test-classes:/Users/christopherjose/Desktop/javaBootcamp/p2-LendingApplication/target/classes:/Users/christopherjose/.m2/repository/org/springframework/boot/spring-boot-starter-data-cassandra-reactive/2.5.4/spring-boot-starter-data-cassandra-reactive-2.5.4.jar:/Users/christopherjose/.m2/repository/org/springframework/boot/spring-boot-starter/2.5.4/spring-boot-starter-2.5.4.jar:/Users/christopherjose/.m2/repository/org/springframework/boot/spring-boot/2.5.4/spring-boot-2.5.4.jar:/Users/christopherjose/.m2/repository/org/springframework/boot/spring-boot-autoconfigure/2.5.4/spring-boot-autoconfigure-2.5.4.jar:/Users/christopherjose/.m2/repository/org/springframework/boot/spring-boot-starter-logging/2.5.4/spring-boot-starter-logging-2.5.4.jar:/Users/christopherjose/.m2/repository/ch/qos/logback/logback-classic/1.2.5/logback-classic-1.2.5.jar:/Users/christopherjose/.m2/repository/ch/qos/logback/logback-core/1.2.5/logback-core-1.2.5.jar:/Users/christopherjose/.m2/repository/org/apache/logging/log4j/log4j-to-slf4j/2.14.1/log4j-to-slf4j-2.14.1.jar:/Users/christopherjose/.m2/repository/org/apache/logging/log4j/log4j-api/2.14.1/log4j-api-2.14.1.jar:/Users/christopherjose/.m2/repository/org/slf4j/jul-to-slf4j/1.7.32/jul-to-slf4j-1.7.32.jar:/Users/christopherjose/.m2/repository/jakarta/annotation/jakarta.annotation-api/1.3.5/jakarta.annotation-api-1.3.5.jar:/Users/christopherjose/.m2/repository/org/yaml/snakeyaml/1.28/snakeyaml-1.28.jar:/Users/christopherjose/.m2/repository/org/springframework/spring-tx/5.3.9/spring-tx-5.3.9.jar:/Users/christopherjose/.m2/repository/org/springframework/spring-beans/5.3.9/spring-beans-5.3.9.jar:/Users/christopherjose/.m2/repository/org/springframework/data/spring-data-cassandra/3.2.4/spring-data-cassandra-3.2.4.jar:/Users/christopherjose/.m2/repository/org/springframework/spring-context/5.3.9/spring-context-5.3.9.jar:/Users/christopherjose/.m2/repository/org/springframework/spring-aop/5.3.9/spring-aop-5.3.9.jar:/Users/christopherjose/.m2/repository/org/springframework/spring-expression/5.3.9/spring-expression-5.3.9.jar:/Users/christopherjose/.m2/repository/org/springframework/data/spring-data-commons/2.5.4/spring-data-commons-2.5.4.jar:/Users/christopherjose/.m2/repository/com/datastax/oss/java-driver-core/4.11.3/java-driver-core-4.11.3.jar:/Users/christopherjose/.m2/repository/com/datastax/oss/native-protocol/1.5.0/native-protocol-1.5.0.jar:/Users/christopherjose/.m2/repository/io/netty/netty-handler/4.1.67.Final/netty-handler-4.1.67.Final.jar:/Users/christopherjose/.m2/repository/io/netty/netty-common/4.1.67.Final/netty-common-4.1.67.Final.jar:/Users/christopherjose/.m2/repository/io/netty/netty-resolver/4.1.67.Final/netty-resolver-4.1.67.Final.jar:/Users/christopherjose/.m2/repository/io/netty/netty-buffer/4.1.67.Final/netty-buffer-4.1.67.Final.jar:/Users/christopherjose/.m2/repository/io/netty/netty-transport/4.1.67.Final/netty-transport-4.1.67.Final.jar:/Users/christopherjose/.m2/repository/io/netty/netty-codec/4.1.67.Final/netty-codec-4.1.67.Final.jar:/Users/christopherjose/.m2/repository/com/datastax/oss/java-driver-shaded-guava/25.1-jre-graal-sub-1/java-driver-shaded-guava-25.1-jre-graal-sub-1.jar:/Users/christopherjose/.m2/repository/com/typesafe/config/1.4.1/config-1.4.1.jar:/Users/christopherjose/.m2/repository/com/github/jnr/jnr-posix/3.1.5/jnr-posix-3.1.5.jar:/Users/christopherjose/.m2/repository/com/github/jnr/jnr-ffi/2.2.2/jnr-ffi-2.2.2.jar:/Users/christopherjose/.m2/repository/com/github/jnr/jffi/1.3.1/jffi-1.3.1.jar:/Users/christopherjose/.m2/repository/com/github/jnr/jffi/1.3.1/jffi-1.3.1-native.jar:/Users/christopherjose/.m2/repository/org/ow2/asm/asm-commons/9.1/asm-commons-9.1.jar:/Users/christopherjose/.m2/repository/org/ow2/asm/asm-analysis/9.1/asm-analysis-9.1.jar:/Users/christopherjose/.m2/repository/org/ow2/asm/asm-tree/9.1/asm-tree-9.1.jar:/Users/christopherjose/.m2/repository/org/ow2/asm/asm-util/9.1/asm-util-9.1.jar:/Users/christopherjose/.m2/repository/com/github/jnr/jnr-a64asm/1.0.0/jnr-a64asm-1.0.0.jar:/Users/christopherjose/.m2/repository/com/github/jnr/jnr-x86asm/1.0.2/jnr-x86asm-1.0.2.jar:/Users/christopherjose/.m2/repository/com/github/jnr/jnr-constants/0.10.1/jnr-constants-0.10.1.jar:/Users/christopherjose/.m2/repository/io/dropwizard/metrics/metrics-core/4.1.25/metrics-core-4.1.25.jar:/Users/christopherjose/.m2/repository/org/hdrhistogram/HdrHistogram/2.1.12/HdrHistogram-2.1.12.jar:/Users/christopherjose/.m2/repository/com/esri/geometry/esri-geometry-api/1.2.1/esri-geometry-api-1.2.1.jar:/Users/christopherjose/.m2/repository/org/json/json/20090211/json-20090211.jar:/Users/christopherjose/.m2/repository/org/codehaus/jackson/jackson-core-asl/1.9.12/jackson-core-asl-1.9.12.jar:/Users/christopherjose/.m2/repository/com/fasterxml/jackson/core/jackson-core/2.12.4/jackson-core-2.12.4.jar:/Users/christopherjose/.m2/repository/com/github/stephenc/jcip/jcip-annotations/1.0-1/jcip-annotations-1.0-1.jar:/Users/christopherjose/.m2/repository/com/github/spotbugs/spotbugs-annotations/3.1.12/spotbugs-annotations-3.1.12.jar:/Users/christopherjose/.m2/repository/com/google/code/findbugs/jsr305/3.0.2/jsr305-3.0.2.jar:/Users/christopherjose/.m2/repository/com/datastax/oss/java-driver-query-builder/4.11.3/java-driver-query-builder-4.11.3.jar:/Users/christopherjose/.m2/repository/org/slf4j/slf4j-api/1.7.32/slf4j-api-1.7.32.jar:/Users/christopherjose/.m2/repository/io/projectreactor/reactor-core/3.4.9/reactor-core-3.4.9.jar:/Users/christopherjose/.m2/repository/org/reactivestreams/reactive-streams/1.0.3/reactive-streams-1.0.3.jar:/Users/christopherjose/.m2/repository/org/springframework/boot/spring-boot-starter-webflux/2.5.4/spring-boot-starter-webflux-2.5.4.jar:/Users/christopherjose/.m2/repository/org/springframework/boot/spring-boot-starter-json/2.5.4/spring-boot-starter-json-2.5.4.jar:/Users/christopherjose/.m2/repository/com/fasterxml/jackson/core/jackson-databind/2.12.4/jackson-databind-2.12.4.jar:/Users/christopherjose/.m2/repository/com/fasterxml/jackson/core/jackson-annotations/2.12.4/jackson-annotations-2.12.4.jar:/Users/christopherjose/.m2/repository/com/fasterxml/jackson/datatype/jackson-datatype-jdk8/2.12.4/jackson-datatype-jdk8-2.12.4.jar:/Users/christopherjose/.m2/repository/com/fasterxml/jackson/datatype/jackson-datatype-jsr310/2.12.4/jackson-datatype-jsr310-2.12.4.jar:/Users/christopherjose/.m2/repository/com/fasterxml/jackson/module/jackson-module-parameter-names/2.12.4/jackson-module-parameter-names-2.12.4.jar:/Users/christopherjose/.m2/repository/org/springframework/boot/spring-boot-starter-reactor-netty/2.5.4/spring-boot-starter-reactor-netty-2.5.4.jar:/Users/christopherjose/.m2/repository/io/projectreactor/netty/reactor-netty-http/1.0.10/reactor-netty-http-1.0.10.jar:/Users/christopherjose/.m2/repository/io/netty/netty-codec-http/4.1.67.Final/netty-codec-http-4.1.67.Final.jar:/Users/christopherjose/.m2/repository/io/netty/netty-codec-http2/4.1.67.Final/netty-codec-http2-4.1.67.Final.jar:/Users/christopherjose/.m2/repository/io/netty/netty-resolver-dns/4.1.67.Final/netty-resolver-dns-4.1.67.Final.jar:/Users/christopherjose/.m2/repository/io/netty/netty-codec-dns/4.1.67.Final/netty-codec-dns-4.1.67.Final.jar:/Users/christopherjose/.m2/repository/io/netty/netty-resolver-dns-native-macos/4.1.67.Final/netty-resolver-dns-native-macos-4.1.67.Final-osx-x86_64.jar:/Users/christopherjose/.m2/repository/io/netty/netty-transport-native-unix-common/4.1.67.Final/netty-transport-native-unix-common-4.1.67.Final.jar:/Users/christopherjose/.m2/repository/io/netty/netty-transport-native-epoll/4.1.67.Final/netty-transport-native-epoll-4.1.67.Final-linux-x86_64.jar:/Users/christopherjose/.m2/repository/io/projectreactor/netty/reactor-netty-core/1.0.10/reactor-netty-core-1.0.10.jar:/Users/christopherjose/.m2/repository/io/netty/netty-handler-proxy/4.1.67.Final/netty-handler-proxy-4.1.67.Final.jar:/Users/christopherjose/.m2/repository/io/netty/netty-codec-socks/4.1.67.Final/netty-codec-socks-4.1.67.Final.jar:/Users/christopherjose/.m2/repository/org/springframework/spring-web/5.3.9/spring-web-5.3.9.jar:/Users/christopherjose/.m2/repository/org/springframework/spring-webflux/5.3.9/spring-webflux-5.3.9.jar:/Users/christopherjose/.m2/repository/org/springframework/boot/spring-boot-starter-test/2.5.4/spring-boot-starter-test-2.5.4.jar:/Users/christopherjose/.m2/repository/org/springframework/boot/spring-boot-test/2.5.4/spring-boot-test-2.5.4.jar:/Users/christopherjose/.m2/repository/org/springframework/boot/spring-boot-test-autoconfigure/2.5.4/spring-boot-test-autoconfigure-2.5.4.jar:/Users/christopherjose/.m2/repository/com/jayway/jsonpath/json-path/2.5.0/json-path-2.5.0.jar:/Users/christopherjose/.m2/repository/net/minidev/json-smart/2.4.7/json-smart-2.4.7.jar:/Users/christopherjose/.m2/repository/net/minidev/accessors-smart/2.4.7/accessors-smart-2.4.7.jar:/Users/christopherjose/.m2/repository/org/ow2/asm/asm/9.1/asm-9.1.jar:/Users/christopherjose/.m2/repository/jakarta/xml/bind/jakarta.xml.bind-api/2.3.3/jakarta.xml.bind-api-2.3.3.jar:/Users/christopherjose/.m2/repository/jakarta/activation/jakarta.activation-api/1.2.2/jakarta.activation-api-1.2.2.jar:/Users/christopherjose/.m2/repository/org/assertj/assertj-core/3.19.0/assertj-core-3.19.0.jar:/Users/christopherjose/.m2/repository/org/hamcrest/hamcrest/2.2/hamcrest-2.2.jar:/Users/christopherjose/.m2/repository/org/junit/jupiter/junit-jupiter/5.7.2/junit-jupiter-5.7.2.jar:/Users/christopherjose/.m2/repository/org/junit/jupiter/junit-jupiter-api/5.7.2/junit-jupiter-api-5.7.2.jar:/Users/christopherjose/.m2/repository/org/apiguardian/apiguardian-api/1.1.0/apiguardian-api-1.1.0.jar:/Users/christopherjose/.m2/repository/org/opentest4j/opentest4j/1.2.0/opentest4j-1.2.0.jar:/Users/christopherjose/.m2/repository/org/junit/platform/junit-platform-commons/1.7.2/junit-platform-commons-1.7.2.jar:/Users/christopherjose/.m2/repository/org/junit/jupiter/junit-jupiter-params/5.7.2/junit-jupiter-params-5.7.2.jar:/Users/christopherjose/.m2/repository/org/junit/jupiter/junit-jupiter-engine/5.7.2/junit-jupiter-engine-5.7.2.jar:/Users/christopherjose/.m2/repository/org/junit/platform/junit-platform-engine/1.7.2/junit-platform-engine-1.7.2.jar:/Users/christopherjose/.m2/repository/org/mockito/mockito-core/3.9.0/mockito-core-3.9.0.jar:/Users/christopherjose/.m2/repository/net/bytebuddy/byte-buddy/1.10.22/byte-buddy-1.10.22.jar:/Users/christopherjose/.m2/repository/net/bytebuddy/byte-buddy-agent/1.10.22/byte-buddy-agent-1.10.22.jar:/Users/christopherjose/.m2/repository/org/objenesis/objenesis/3.2/objenesis-3.2.jar:/Users/christopherjose/.m2/repository/org/mockito/mockito-junit-jupiter/3.9.0/mockito-junit-jupiter-3.9.0.jar:/Users/christopherjose/.m2/repository/org/skyscreamer/jsonassert/1.5.0/jsonassert-1.5.0.jar:/Users/christopherjose/.m2/repository/com/vaadin/external/google/android-json/0.0.20131108.vaadin1/android-json-0.0.20131108.vaadin1.jar:/Users/christopherjose/.m2/repository/org/springframework/spring-core/5.3.9/spring-core-5.3.9.jar:/Users/christopherjose/.m2/repository/org/springframework/spring-jcl/5.3.9/spring-jcl-5.3.9.jar:/Users/christopherjose/.m2/repository/org/springframework/spring-test/5.3.9/spring-test-5.3.9.jar:/Users/christopherjose/.m2/repository/org/xmlunit/xmlunit-core/2.8.2/xmlunit-core-2.8.2.jar:/Users/christopherjose/.m2/repository/io/projectreactor/reactor-test/3.4.9/reactor-test-3.4.9.jar:"/>
    <property name="sun.cpu.endian" value="little"/>
    <property name="user.home" value="/Users/christopherjose"/>
    <property name="user.language" value="en"/>
    <property name="java.specification.vendor" value="Oracle Corporation"/>
    <property name="java.version.date" value="2021-04-20"/>
    <property name="java.home" value="/Library/Java/JavaVirtualMachines/jdk-16.0.1.jdk/Contents/Home"/>
    <property name="file.separator" value="/"/>
    <property name="basedir" value="/Users/christopherjose/Desktop/javaBootcamp/p2-LendingApplication"/>
    <property name="java.vm.compressedOopsMode" value="Zero based"/>
    <property name="line.separator" value="&#10;"/>
    <property name="java.specification.name" value="Java Platform API Specification"/>
    <property name="java.vm.specification.vendor" value="Oracle Corporation"/>
    <property name="surefire.real.class.path" value="/Users/christopherjose/Desktop/javaBootcamp/p2-LendingApplication/target/surefire/surefirebooter16214836589655668934.jar"/>
    <property name="sun.management.compiler" value="HotSpot 64-Bit Tiered Compilers"/>
    <property name="ftp.nonProxyHosts" value="local|*.local|169.254/16|*.169.254/16"/>
    <property name="java.runtime.version" value="16.0.1+9-24"/>
    <property name="user.name" value="christopherjose"/>
    <property name="path.separator" value=":"/>
    <property name="os.version" value="11.4"/>
    <property name="java.runtime.name" value="Java(TM) SE Runtime Environment"/>
    <property name="file.encoding" value="UTF-8"/>
    <property name="java.vm.name" value="Java HotSpot(TM) 64-Bit Server VM"/>
    <property name="localRepository" value="/Users/christopherjose/.m2/repository"/>
    <property name="java.vendor.url.bug" value="https://bugreport.java.com/bugreport/"/>
    <property name="java.io.tmpdir" value="/var/folders/7n/r86fqfcn6vjg1_hwrcyrgzlh0000gn/T/"/>
    <property name="java.version" value="16.0.1"/>
    <property name="user.dir" value="/Users/christopherjose/Desktop/javaBootcamp/p2-LendingApplication"/>
    <property name="os.arch" value="x86_64"/>
    <property name="java.vm.specification.name" value="Java Virtual Machine Specification"/>
    <property name="java.library.path" value="/Users/christopherjose/Library/Java/Extensions:/Library/Java/Extensions:/Network/Library/Java/Extensions:/System/Library/Java/Extensions:/usr/lib/java:."/>
    <property name="java.vm.info" value="mixed mode, sharing"/>
    <property name="java.vendor" value="Oracle Corporation"/>
    <property name="java.vm.version" value="16.0.1+9-24"/>
    <property name="sun.io.unicode.encoding" value="UnicodeBig"/>
    <property name="socksNonProxyHosts" value="local|*.local|169.254/16|*.169.254/16"/>
    <property name="java.class.version" value="60.0"/>
  </properties>
  <testcase name="contextLoads" classname="com.github.LendingApplication.LenderService.LenderServiceApplicationTests" time="0.399"/>
</testsuite>